Sep 17 00:00:53 kunterbunty systemd[1]: rsyslog.service: Sent signal SIGHUP to main process 423 (rsyslogd) on client request.
Sep 17 00:00:53 kunterbunty systemd[1]: logrotate.service: Succeeded.
Sep 17 00:00:53 kunterbunty systemd[1]: Finished Rotate log files.
Sep 17 00:00:53 kunterbunty systemd[1]: man-db.service: Succeeded.
Sep 17 00:00:53 kunterbunty systemd[1]: Finished Daily man-db regeneration.
Sep 17 00:09:51 kunterbunty systemd[1]: Starting Clean php session files...
Sep 17 00:09:51 kunterbunty systemd[1]: phpsessionclean.service: Succeeded.
Sep 17 00:09:51 kunterbunty systemd[1]: Finished Clean php session files.
Sep 17 00:39:51 kunterbunty systemd[1]: Starting Clean php session files...
Sep 17 00:39:52 kunterbunty systemd[1]: phpsessionclean.service: Succeeded.
Sep 17 00:39:52 kunterbunty systemd[1]: Finished Clean php session files.
Sep 17 00:53:05 kunterbunty rngd[516]: stats: bits received from HRNG source: 3020064
Sep 17 00:53:05 kunterbunty rngd[516]: stats: bits sent to kernel pool: 2967168
Sep 17 00:53:05 kunterbunty rngd[516]: stats: entropy added to kernel pool: 2967168
Sep 17 00:53:05 kunterbunty rngd[516]: stats: FIPS 140-2 successes: 151
Sep 17 00:53:05 kunterbunty rngd[516]: stats: FIPS 140-2 failures: 0
Sep 17 00:53:05 kunterbunty rngd[516]: stats: FIPS 140-2(2001-10-10) Monobit: 0
Sep 17 00:53:05 kunterbunty rngd[516]: stats: FIPS 140-2(2001-10-10) Poker: 0
Sep 17 00:53:05 kunterbunty rngd[516]: stats: FIPS 140-2(2001-10-10) Runs: 0
Sep 17 00:53:05 kunterbunty rngd[516]: stats: FIPS 140-2(2001-10-10) Long run: 0
Sep 17 00:53:05 kunterbunty rngd[516]: stats: FIPS 140-2(2001-10-10) Continuous run: 0
Sep 17 00:53:05 kunterbunty rngd[516]: stats: HRNG source speed: (min=142.954; avg=157.381; max=158.815)bits/s
Sep 17 00:53:05 kunterbunty rngd[516]: stats: FIPS tests speed: (min=24.611; avg=27.743; max=52.544)Mibits/s
Sep 17 00:53:05 kunterbunty rngd[516]: stats: Lowest ready-buffers level: 2
Sep 17 00:53:05 kunterbunty rngd[516]: stats: Entropy starvations: 0
Sep 17 00:53:05 kunterbunty rngd[516]: stats: Time spent starving for entropy: (min=0; avg=0.000; max=0)us
Sep 17 01:09:51 kunterbunty systemd[1]: Starting Clean php session files...
Sep 17 01:09:52 kunterbunty systemd[1]: phpsessionclean.service: Succeeded.
Sep 17 01:09:52 kunterbunty systemd[1]: Finished Clean php session files.
Sep 17 01:39:51 kunterbunty systemd[1]: Starting Clean php session files...
Sep 17 01:39:51 kunterbunty systemd[1]: phpsessionclean.service: Succeeded.
Sep 17 01:39:51 kunterbunty systemd[1]: Finished Clean php session files.
Sep 17 01:53:05 kunterbunty rngd[516]: stats: bits received from HRNG source: 3040064
Sep 17 01:53:05 kunterbunty rngd[516]: stats: bits sent to kernel pool: 2997408
Sep 17 01:53:05 kunterbunty rngd[516]: stats: entropy added to kernel pool: 2997408
Sep 17 01:53:05 kunterbunty rngd[516]: stats: FIPS 140-2 successes: 152
Sep 17 01:53:05 kunterbunty rngd[516]: stats: FIPS 140-2 failures: 0
Sep 17 01:53:05 kunterbunty rngd[516]: stats: FIPS 140-2(2001-10-10) Monobit: 0
Sep 17 01:53:05 kunterbunty rngd[516]: stats: FIPS 140-2(2001-10-10) Poker: 0
Sep 17 01:53:05 kunterbunty rngd[516]: stats: FIPS 140-2(2001-10-10) Runs: 0
Sep 17 01:53:05 kunterbunty rngd[516]: stats: FIPS 140-2(2001-10-10) Long run: 0
Sep 17 01:53:05 kunterbunty rngd[516]: stats: FIPS 140-2(2001-10-10) Continuous run: 0
Sep 17 01:53:05 kunterbunty rngd[516]: stats: HRNG source speed: (min=142.954; avg=157.382; max=158.815)bits/s
Sep 17 01:53:05 kunterbunty rngd[516]: stats: FIPS tests speed: (min=24.611; avg=27.725; max=52.544)Mibits/s
Sep 17 01:53:05 kunterbunty rngd[516]: stats: Lowest ready-buffers level: 2
Sep 17 01:53:05 kunterbunty rngd[516]: stats: Entropy starvations: 0
Sep 17 01:53:05 kunterbunty rngd[516]: stats: Time spent starving for entropy: (min=0; avg=0.000; max=0)us
Sep 17 02:09:51 kunterbunty systemd[1]: Starting Clean php session files...
Sep 17 02:09:52 kunterbunty systemd[1]: phpsessionclean.service: Succeeded.
Sep 17 02:09:52 kunterbunty systemd[1]: Finished Clean php session files.
Sep 17 02:39:51 kunterbunty systemd[1]: Starting Clean php session files...
Sep 17 02:39:51 kunterbunty systemd[1]: phpsessionclean.service: Succeeded.
Sep 17 02:39:52 kunterbunty systemd[1]: Finished Clean php session files.
Sep 17 02:53:05 kunterbunty rngd[516]: stats: bits received from HRNG source: 3080064
Sep 17 02:53:05 kunterbunty rngd[516]: stats: bits sent to kernel pool: 3027168
Sep 17 02:53:05 kunterbunty rngd[516]: stats: entropy added to kernel pool: 3027168
Sep 17 02:53:05 kunterbunty rngd[516]: stats: FIPS 140-2 successes: 154
Sep 17 02:53:05 kunterbunty rngd[516]: stats: FIPS 140-2 failures: 0
Sep 17 02:53:05 kunterbunty rngd[516]: stats: FIPS 140-2(2001-10-10) Monobit: 0
Sep 17 02:53:05 kunterbunty rngd[516]: stats: FIPS 140-2(2001-10-10) Poker: 0
Sep 17 02:53:05 kunterbunty rngd[516]: stats: FIPS 140-2(2001-10-10) Runs: 0
Sep 17 02:53:05 kunterbunty rngd[516]: stats: FIPS 140-2(2001-10-10) Long run: 0
Sep 17 02:53:05 kunterbunty rngd[516]: stats: FIPS 140-2(2001-10-10) Continuous run: 0
Sep 17 02:53:05 kunterbunty rngd[516]: stats: HRNG source speed: (min=142.954; avg=157.383; max=158.815)bits/s
Sep 17 02:53:05 kunterbunty rngd[516]: stats: FIPS tests speed: (min=24.611; avg=27.688; max=52.544)Mibits/s
Sep 17 02:53:05 kunterbunty rngd[516]: stats: Lowest ready-buffers level: 2
Sep 17 02:53:05 kunterbunty rngd[516]: stats: Entropy starvations: 0
Sep 17 02:53:05 kunterbunty rngd[516]: stats: Time spent starving for entropy: (min=0; avg=0.000; max=0)us
Sep 17 03:09:51 kunterbunty systemd[1]: Starting Clean php session files...
Sep 17 03:09:52 kunterbunty systemd[1]: phpsessionclean.service: Succeeded.
Sep 17 03:09:52 kunterbunty systemd[1]: Finished Clean php session files.
Sep 17 03:10:51 kunterbunty systemd[1]: Starting Online ext4 Metadata Check for All Filesystems...
Sep 17 03:10:51 kunterbunty systemd[1]: e2scrub_all.service: Succeeded.
Sep 17 03:10:51 kunterbunty systemd[1]: Finished Online ext4 Metadata Check for All Filesystems.
Sep 17 03:39:51 kunterbunty systemd[1]: Starting Clean php session files...
Sep 17 03:39:51 kunterbunty systemd[1]: phpsessionclean.service: Succeeded.
Sep 17 03:39:51 kunterbunty systemd[1]: Finished Clean php session files.
Sep 17 03:53:05 kunterbunty rngd[516]: stats: bits received from HRNG source: 3100064
Sep 17 03:53:05 kunterbunty rngd[516]: stats: bits sent to kernel pool: 3056896
Sep 17 03:53:05 kunterbunty rngd[516]: stats: entropy added to kernel pool: 3056896
Sep 17 03:53:05 kunterbunty rngd[516]: stats: FIPS 140-2 successes: 155
Sep 17 03:53:05 kunterbunty rngd[516]: stats: FIPS 140-2 failures: 0
Sep 17 03:53:05 kunterbunty rngd[516]: stats: FIPS 140-2(2001-10-10) Monobit: 0
Sep 17 03:53:05 kunterbunty rngd[516]: stats: FIPS 140-2(2001-10-10) Poker: 0
Sep 17 03:53:05 kunterbunty rngd[516]: stats: FIPS 140-2(2001-10-10) Runs: 0
Sep 17 03:53:05 kunterbunty rngd[516]: stats: FIPS 140-2(2001-10-10) Long run: 0
Sep 17 03:53:05 kunterbunty rngd[516]: stats: FIPS 140-2(2001-10-10) Continuous run: 0
Sep 17 03:53:05 kunterbunty rngd[516]: stats: HRNG source speed: (min=142.954; avg=157.384; max=158.815)bits/s
Sep 17 03:53:05 kunterbunty rngd[516]: stats: FIPS tests speed: (min=24.611; avg=27.672; max=52.544)Mibits/s
Sep 17 03:53:05 kunterbunty rngd[516]: stats: Lowest ready-buffers level: 2
Sep 17 03:53:05 kunterbunty rngd[516]: stats: Entropy starvations: 0
Sep 17 03:53:05 kunterbunty rngd[516]: stats: Time spent starving for entropy: (min=0; avg=0.000; max=0)us
Sep 17 04:09:51 kunterbunty systemd[1]: Starting Clean php session files...
Sep 17 04:09:52 kunterbunty systemd[1]: phpsessionclean.service: Succeeded.
Sep 17 04:09:52 kunterbunty systemd[1]: Finished Clean php session files.
Sep 17 04:39:51 kunterbunty systemd[1]: Starting Clean php session files...
Sep 17 04:39:52 kunterbunty systemd[1]: phpsessionclean.service: Succeeded.
Sep 17 04:39:52 kunterbunty systemd[1]: Finished Clean php session files.
Sep 17 04:53:05 kunterbunty rngd[516]: stats: bits received from HRNG source: 3140064
Sep 17 04:53:05 kunterbunty rngd[516]: stats: bits sent to kernel pool: 3086656
Sep 17 04:53:05 kunterbunty rngd[516]: stats: entropy added to kernel pool: 3086656
Sep 17 04:53:05 kunterbunty rngd[516]: stats: FIPS 140-2 successes: 157
Sep 17 04:53:05 kunterbunty rngd[516]: stats: FIPS 140-2 failures: 0
Sep 17 04:53:05 kunterbunty rngd[516]: stats: FIPS 140-2(2001-10-10) Monobit: 0
Sep 17 04:53:05 kunterbunty rngd[516]: stats: FIPS 140-2(2001-10-10) Poker: 0
Sep 17 04:53:05 kunterbunty rngd[516]: stats: FIPS 140-2(2001-10-10) Runs: 0
Sep 17 04:53:05 kunterbunty rngd[516]: stats: FIPS 140-2(2001-10-10) Long run: 0
Sep 17 04:53:05 kunterbunty rngd[516]: stats: FIPS 140-2(2001-10-10) Continuous run: 0
Sep 17 04:53:05 kunterbunty rngd[516]: stats: HRNG source speed: (min=142.954; avg=157.378; max=158.815)bits/s
Sep 17 04:53:05 kunterbunty rngd[516]: stats: FIPS tests speed: (min=24.611; avg=27.641; max=52.544)Mibits/s
Sep 17 04:53:05 kunterbunty rngd[516]: stats: Lowest ready-buffers level: 2
Sep 17 04:53:05 kunterbunty rngd[516]: stats: Entropy starvations: 0
Sep 17 04:53:05 kunterbunty rngd[516]: stats: Time spent starving for entropy: (min=0; avg=0.000; max=0)us
Sep 17 05:09:51 kunterbunty systemd[1]: Starting Clean php session files...
Sep 17 05:09:52 kunterbunty systemd[1]: phpsessionclean.service: Succeeded.
Sep 17 05:09:52 kunterbunty systemd[1]: Finished Clean php session files.
Sep 17 05:39:51 kunterbunty systemd[1]: Starting Clean php session files...
Sep 17 05:39:51 kunterbunty systemd[1]: phpsessionclean.service: Succeeded.
Sep 17 05:39:51 kunterbunty systemd[1]: Finished Clean php session files.
Sep 17 05:53:05 kunterbunty rngd[516]: stats: bits received from HRNG source: 3160064
Sep 17 05:53:05 kunterbunty rngd[516]: stats: bits sent to kernel pool: 3116896
Sep 17 05:53:05 kunterbunty rngd[516]: stats: entropy added to kernel pool: 3116896
Sep 17 05:53:05 kunterbunty rngd[516]: stats: FIPS 140-2 successes: 158
Sep 17 05:53:05 kunterbunty rngd[516]: stats: FIPS 140-2 failures: 0
Sep 17 05:53:05 kunterbunty rngd[516]: stats: FIPS 140-2(2001-10-10) Monobit: 0
Sep 17 05:53:05 kunterbunty rngd[516]: stats: FIPS 140-2(2001-10-10) Poker: 0
Sep 17 05:53:05 kunterbunty rngd[516]: stats: FIPS 140-2(2001-10-10) Runs: 0
Sep 17 05:53:05 kunterbunty rngd[516]: stats: FIPS 140-2(2001-10-10) Long run: 0
Sep 17 05:53:05 kunterbunty rngd[516]: stats: FIPS 140-2(2001-10-10) Continuous run: 0
Sep 17 05:53:05 kunterbunty rngd[516]: stats: HRNG source speed: (min=142.954; avg=157.378; max=158.815)bits/s
Sep 17 05:53:05 kunterbunty rngd[516]: stats: FIPS tests speed: (min=24.611; avg=27.724; max=52.544)Mibits/s
Sep 17 05:53:05 kunterbunty rngd[516]: stats: Lowest ready-buffers level: 2
Sep 17 05:53:05 kunterbunty rngd[516]: stats: Entropy starvations: 0
Sep 17 05:53:05 kunterbunty rngd[516]: stats: Time spent starving for entropy: (min=0; avg=0.000; max=0)us
Sep 17 06:09:51 kunterbunty systemd[1]: Starting Clean php session files...
Sep 17 06:09:52 kunterbunty systemd[1]: phpsessionclean.service: Succeeded.
Sep 17 06:09:52 kunterbunty systemd[1]: Finished Clean php session files.
Sep 17 06:39:51 kunterbunty systemd[1]: Starting Clean php session files...
Sep 17 06:39:52 kunterbunty systemd[1]: phpsessionclean.service: Succeeded.
Sep 17 06:39:52 kunterbunty systemd[1]: Finished Clean php session files.
Sep 17 06:48:51 kunterbunty systemd[1]: Starting Daily apt upgrade and clean activities...
Sep 17 06:48:54 kunterbunty systemd[1]: apt-daily-upgrade.service: Succeeded.
Sep 17 06:48:54 kunterbunty systemd[1]: Finished Daily apt upgrade and clean activities.
Sep 17 06:48:54 kunterbunty systemd[1]: apt-daily-upgrade.service: Consumed 2.521s CPU time.
Sep 17 06:53:05 kunterbunty rngd[516]: stats: bits received from HRNG source: 3200064
Sep 17 06:53:05 kunterbunty rngd[516]: stats: bits sent to kernel pool: 3146656
Sep 17 06:53:05 kunterbunty rngd[516]: stats: entropy added to kernel pool: 3146656
Sep 17 06:53:05 kunterbunty rngd[516]: stats: FIPS 140-2 successes: 160
Sep 17 06:53:05 kunterbunty rngd[516]: stats: FIPS 140-2 failures: 0
Sep 17 06:53:05 kunterbunty rngd[516]: stats: FIPS 140-2(2001-10-10) Monobit: 0
Sep 17 06:53:05 kunterbunty rngd[516]: stats: FIPS 140-2(2001-10-10) Poker: 0
Sep 17 06:53:05 kunterbunty rngd[516]: stats: FIPS 140-2(2001-10-10) Runs: 0
Sep 17 06:53:05 kunterbunty rngd[516]: stats: FIPS 140-2(2001-10-10) Long run: 0
Sep 17 06:53:05 kunterbunty rngd[516]: stats: FIPS 140-2(2001-10-10) Continuous run: 0
Sep 17 06:53:05 kunterbunty rngd[516]: stats: HRNG source speed: (min=142.954; avg=157.380; max=158.815)bits/s
Sep 17 06:53:05 kunterbunty rngd[516]: stats: FIPS tests speed: (min=24.611; avg=27.696; max=52.544)Mibits/s
Sep 17 06:53:05 kunterbunty rngd[516]: stats: Lowest ready-buffers level: 2
Sep 17 06:53:05 kunterbunty rngd[516]: stats: Entropy starvations: 0
Sep 17 06:53:05 kunterbunty rngd[516]: stats: Time spent starving for entropy: (min=0; avg=0.000; max=0)us
Sep 17 07:09:51 kunterbunty systemd[1]: Starting Clean php session files...
Sep 17 07:09:51 kunterbunty systemd[1]: phpsessionclean.service: Succeeded.
Sep 17 07:09:51 kunterbunty systemd[1]: Finished Clean php session files.
Sep 17 07:39:51 kunterbunty systemd[1]: Starting Clean php session files...
Sep 17 07:39:52 kunterbunty systemd[1]: phpsessionclean.service: Succeeded.
Sep 17 07:39:52 kunterbunty systemd[1]: Finished Clean php session files.
Sep 17 07:53:05 kunterbunty rngd[516]: stats: bits received from HRNG source: 3220064
Sep 17 07:53:05 kunterbunty rngd[516]: stats: bits sent to kernel pool: 3176896
Sep 17 07:53:05 kunterbunty rngd[516]: stats: entropy added to kernel pool: 3176896
Sep 17 07:53:05 kunterbunty rngd[516]: stats: FIPS 140-2 successes: 161
Sep 17 07:53:05 kunterbunty rngd[516]: stats: FIPS 140-2 failures: 0
Sep 17 07:53:05 kunterbunty rngd[516]: stats: FIPS 140-2(2001-10-10) Monobit: 0
Sep 17 07:53:05 kunterbunty rngd[516]: stats: FIPS 140-2(2001-10-10) Poker: 0
Sep 17 07:53:05 kunterbunty rngd[516]: stats: FIPS 140-2(2001-10-10) Runs: 0
Sep 17 07:53:05 kunterbunty rngd[516]: stats: FIPS 140-2(2001-10-10) Long run: 0
Sep 17 07:53:05 kunterbunty rngd[516]: stats: FIPS 140-2(2001-10-10) Continuous run: 0
Sep 17 07:53:05 kunterbunty rngd[516]: stats: HRNG source speed: (min=142.954; avg=157.381; max=158.815)bits/s
Sep 17 07:53:05 kunterbunty rngd[516]: stats: FIPS tests speed: (min=24.611; avg=27.679; max=52.544)Mibits/s
Sep 17 07:53:05 kunterbunty rngd[516]: stats: Lowest ready-buffers level: 2
Sep 17 07:53:05 kunterbunty rngd[516]: stats: Entropy starvations: 0
Sep 17 07:53:05 kunterbunty rngd[516]: stats: Time spent starving for entropy: (min=0; avg=0.000; max=0)us
Sep 17 08:09:51 kunterbunty systemd[1]: Starting Clean php session files...
Sep 17 08:09:51 kunterbunty systemd[1]: phpsessionclean.service: Succeeded.
Sep 17 08:09:51 kunterbunty systemd[1]: Finished Clean php session files.
Sep 17 08:39:51 kunterbunty systemd[1]: Starting Clean php session files...
Sep 17 08:39:52 kunterbunty systemd[1]: phpsessionclean.service: Succeeded.
Sep 17 08:39:52 kunterbunty systemd[1]: Finished Clean php session files.
Sep 17 08:53:05 kunterbunty rngd[516]: stats: bits received from HRNG source: 3260064
Sep 17 08:53:05 kunterbunty rngd[516]: stats: bits sent to kernel pool: 3206656
Sep 17 08:53:05 kunterbunty rngd[516]: stats: entropy added to kernel pool: 3206656
Sep 17 08:53:05 kunterbunty rngd[516]: stats: FIPS 140-2 successes: 163
Sep 17 08:53:05 kunterbunty rngd[516]: stats: FIPS 140-2 failures: 0
Sep 17 08:53:05 kunterbunty rngd[516]: stats: FIPS 140-2(2001-10-10) Monobit: 0
Sep 17 08:53:05 kunterbunty rngd[516]: stats: FIPS 140-2(2001-10-10) Poker: 0
Sep 17 08:53:05 kunterbunty rngd[516]: stats: FIPS 140-2(2001-10-10) Runs: 0
Sep 17 08:53:05 kunterbunty rngd[516]: stats: FIPS 140-2(2001-10-10) Long run: 0
Sep 17 08:53:05 kunterbunty rngd[516]: stats: FIPS 140-2(2001-10-10) Continuous run: 0
Sep 17 08:53:05 kunterbunty rngd[516]: stats: HRNG source speed: (min=142.954; avg=157.382; max=158.815)bits/s
Sep 17 08:53:05 kunterbunty rngd[516]: stats: FIPS tests speed: (min=24.611; avg=27.674; max=52.544)Mibits/s
Sep 17 08:53:05 kunterbunty rngd[516]: stats: Lowest ready-buffers level: 2
Sep 17 08:53:05 kunterbunty rngd[516]: stats: Entropy starvations: 0
Sep 17 08:53:05 kunterbunty rngd[516]: stats: Time spent starving for entropy: (min=0; avg=0.000; max=0)us
Sep 17 09:09:51 kunterbunty systemd[1]: Starting Daily apt download activities...
Sep 17 09:09:51 kunterbunty systemd[1]: Starting Clean php session files...
Sep 17 09:09:52 kunterbunty systemd[1]: phpsessionclean.service: Succeeded.
Sep 17 09:09:52 kunterbunty systemd[1]: Finished Clean php session files.
Sep 17 09:09:54 kunterbunty systemd[1]: apt-daily.service: Succeeded.
Sep 17 09:09:54 kunterbunty systemd[1]: Finished Daily apt download activities.
Sep 17 09:09:54 kunterbunty systemd[1]: apt-daily.service: Consumed 2.584s CPU time.
Sep 17 09:39:51 kunterbunty systemd[1]: Starting Clean php session files...
Sep 17 09:39:52 kunterbunty systemd[1]: phpsessionclean.service: Succeeded.
Sep 17 09:39:52 kunterbunty systemd[1]: Finished Clean php session files.
Sep 17 09:53:05 kunterbunty rngd[516]: stats: bits received from HRNG source: 3280064
Sep 17 09:53:05 kunterbunty rngd[516]: stats: bits sent to kernel pool: 3236896
Sep 17 09:53:05 kunterbunty rngd[516]: stats: entropy added to kernel pool: 3236896
Sep 17 09:53:05 kunterbunty rngd[516]: stats: FIPS 140-2 successes: 164
Sep 17 09:53:05 kunterbunty rngd[516]: stats: FIPS 140-2 failures: 0
Sep 17 09:53:05 kunterbunty rngd[516]: stats: FIPS 140-2(2001-10-10) Monobit: 0
Sep 17 09:53:05 kunterbunty rngd[516]: stats: FIPS 140-2(2001-10-10) Poker: 0
Sep 17 09:53:05 kunterbunty rngd[516]: stats: FIPS 140-2(2001-10-10) Runs: 0
Sep 17 09:53:05 kunterbunty rngd[516]: stats: FIPS 140-2(2001-10-10) Long run: 0
Sep 17 09:53:05 kunterbunty rngd[516]: stats: FIPS 140-2(2001-10-10) Continuous run: 0
Sep 17 09:53:05 kunterbunty rngd[516]: stats: HRNG source speed: (min=142.954; avg=157.383; max=158.815)bits/s
Sep 17 09:53:05 kunterbunty rngd[516]: stats: FIPS tests speed: (min=24.611; avg=27.658; max=52.544)Mibits/s
Sep 17 09:53:05 kunterbunty rngd[516]: stats: Lowest ready-buffers level: 2
Sep 17 09:53:05 kunterbunty rngd[516]: stats: Entropy starvations: 0
Sep 17 09:53:05 kunterbunty rngd[516]: stats: Time spent starving for entropy: (min=0; avg=0.000; max=0)us
Sep 17 10:09:51 kunterbunty systemd[1]: Starting Clean php session files...
Sep 17 10:09:51 kunterbunty systemd[1]: phpsessionclean.service: Succeeded.
Sep 17 10:09:51 kunterbunty systemd[1]: Finished Clean php session files.
Sep 17 10:39:51 kunterbunty systemd[1]: Starting Clean php session files...
Sep 17 10:39:52 kunterbunty systemd[1]: phpsessionclean.service: Succeeded.
Sep 17 10:39:52 kunterbunty systemd[1]: Finished Clean php session files.
Sep 17 10:53:05 kunterbunty rngd[516]: stats: bits received from HRNG source: 3320064
Sep 17 10:53:05 kunterbunty rngd[516]: stats: bits sent to kernel pool: 3266656
Sep 17 10:53:05 kunterbunty rngd[516]: stats: entropy added to kernel pool: 3266656
Sep 17 10:53:05 kunterbunty rngd[516]: stats: FIPS 140-2 successes: 166
Sep 17 10:53:05 kunterbunty rngd[516]: stats: FIPS 140-2 failures: 0
Sep 17 10:53:05 kunterbunty rngd[516]: stats: FIPS 140-2(2001-10-10) Monobit: 0
Sep 17 10:53:05 kunterbunty rngd[516]: stats: FIPS 140-2(2001-10-10) Poker: 0
Sep 17 10:53:05 kunterbunty rngd[516]: stats: FIPS 140-2(2001-10-10) Runs: 0
Sep 17 10:53:05 kunterbunty rngd[516]: stats: FIPS 140-2(2001-10-10) Long run: 0
Sep 17 10:53:05 kunterbunty rngd[516]: stats: FIPS 140-2(2001-10-10) Continuous run: 0
Sep 17 10:53:05 kunterbunty rngd[516]: stats: HRNG source speed: (min=142.954; avg=157.385; max=158.815)bits/s
Sep 17 10:53:05 kunterbunty rngd[516]: stats: FIPS tests speed: (min=24.611; avg=27.628; max=52.544)Mibits/s
Sep 17 10:53:05 kunterbunty rngd[516]: stats: Lowest ready-buffers level: 2
Sep 17 10:53:05 kunterbunty rngd[516]: stats: Entropy starvations: 0
Sep 17 10:53:05 kunterbunty rngd[516]: stats: Time spent starving for entropy: (min=0; avg=0.000; max=0)us
Sep 17 11:09:51 kunterbunty systemd[1]: Starting Clean php session files...
Sep 17 11:09:52 kunterbunty systemd[1]: phpsessionclean.service: Succeeded.
Sep 17 11:09:52 kunterbunty systemd[1]: Finished Clean php session files.
Sep 17 11:39:51 kunterbunty systemd[1]: Starting Clean php session files...
Sep 17 11:39:52 kunterbunty systemd[1]: phpsessionclean.service: Succeeded.
Sep 17 11:39:52 kunterbunty systemd[1]: Finished Clean php session files.
Sep 17 11:53:05 kunterbunty rngd[516]: stats: bits received from HRNG source: 3340064
Sep 17 11:53:05 kunterbunty rngd[516]: stats: bits sent to kernel pool: 3296896
Sep 17 11:53:05 kunterbunty rngd[516]: stats: entropy added to kernel pool: 3296896
Sep 17 11:53:05 kunterbunty rngd[516]: stats: FIPS 140-2 successes: 167
Sep 17 11:53:05 kunterbunty rngd[516]: stats: FIPS 140-2 failures: 0
Sep 17 11:53:05 kunterbunty rngd[516]: stats: FIPS 140-2(2001-10-10) Monobit: 0
Sep 17 11:53:05 kunterbunty rngd[516]: stats: FIPS 140-2(2001-10-10) Poker: 0
Sep 17 11:53:05 kunterbunty rngd[516]: stats: FIPS 140-2(2001-10-10) Runs: 0
Sep 17 11:53:05 kunterbunty rngd[516]: stats: FIPS 140-2(2001-10-10) Long run: 0
Sep 17 11:53:05 kunterbunty rngd[516]: stats: FIPS 140-2(2001-10-10) Continuous run: 0
Sep 17 11:53:05 kunterbunty rngd[516]: stats: HRNG source speed: (min=142.954; avg=157.386; max=158.815)bits/s
Sep 17 11:53:05 kunterbunty rngd[516]: stats: FIPS tests speed: (min=24.611; avg=27.615; max=52.544)Mibits/s
Sep 17 11:53:05 kunterbunty rngd[516]: stats: Lowest ready-buffers level: 2
Sep 17 11:53:05 kunterbunty rngd[516]: stats: Entropy starvations: 0
Sep 17 11:53:05 kunterbunty rngd[516]: stats: Time spent starving for entropy: (min=0; avg=0.000; max=0)us
Sep 17 12:09:51 kunterbunty systemd[1]: Starting Clean php session files...
Sep 17 12:09:52 kunterbunty systemd[1]: phpsessionclean.service: Succeeded.
Sep 17 12:09:52 kunterbunty systemd[1]: Finished Clean php session files.
Sep 17 12:39:51 kunterbunty systemd[1]: Starting Clean php session files...
Sep 17 12:39:52 kunterbunty systemd[1]: phpsessionclean.service: Succeeded.
Sep 17 12:39:52 kunterbunty systemd[1]: Finished Clean php session files.
Sep 17 12:53:05 kunterbunty rngd[516]: stats: bits received from HRNG source: 3380064
Sep 17 12:53:05 kunterbunty rngd[516]: stats: bits sent to kernel pool: 3326656
Sep 17 12:53:05 kunterbunty rngd[516]: stats: entropy added to kernel pool: 3326656
Sep 17 12:53:05 kunterbunty rngd[516]: stats: FIPS 140-2 successes: 169
Sep 17 12:53:05 kunterbunty rngd[516]: stats: FIPS 140-2 failures: 0
Sep 17 12:53:05 kunterbunty rngd[516]: stats: FIPS 140-2(2001-10-10) Monobit: 0
Sep 17 12:53:05 kunterbunty rngd[516]: stats: FIPS 140-2(2001-10-10) Poker: 0
Sep 17 12:53:05 kunterbunty rngd[516]: stats: FIPS 140-2(2001-10-10) Runs: 0
Sep 17 12:53:05 kunterbunty rngd[516]: stats: FIPS 140-2(2001-10-10) Long run: 0
Sep 17 12:53:05 kunterbunty rngd[516]: stats: FIPS 140-2(2001-10-10) Continuous run: 0
Sep 17 12:53:05 kunterbunty rngd[516]: stats: HRNG source speed: (min=142.954; avg=157.387; max=158.815)bits/s
Sep 17 12:53:05 kunterbunty rngd[516]: stats: FIPS tests speed: (min=24.611; avg=27.587; max=52.544)Mibits/s
Sep 17 12:53:05 kunterbunty rngd[516]: stats: Lowest ready-buffers level: 2
Sep 17 12:53:05 kunterbunty rngd[516]: stats: Entropy starvations: 0
Sep 17 12:53:05 kunterbunty rngd[516]: stats: Time spent starving for entropy: (min=0; avg=0.000; max=0)us
Sep 17 13:09:51 kunterbunty systemd[1]: Starting Clean php session files...
Sep 17 13:09:52 kunterbunty systemd[1]: phpsessionclean.service: Succeeded.
Sep 17 13:09:52 kunterbunty systemd[1]: Finished Clean php session files.
Sep 17 13:39:51 kunterbunty systemd[1]: Starting Clean php session files...
Sep 17 13:39:52 kunterbunty systemd[1]: phpsessionclean.service: Succeeded.
Sep 17 13:39:52 kunterbunty systemd[1]: Finished Clean php session files.
Sep 17 13:53:05 kunterbunty rngd[516]: stats: bits received from HRNG source: 3400064
Sep 17 13:53:05 kunterbunty rngd[516]: stats: bits sent to kernel pool: 3356896
Sep 17 13:53:05 kunterbunty rngd[516]: stats: entropy added to kernel pool: 3356896
Sep 17 13:53:05 kunterbunty rngd[516]: stats: FIPS 140-2 successes: 170
Sep 17 13:53:05 kunterbunty rngd[516]: stats: FIPS 140-2 failures: 0
Sep 17 13:53:05 kunterbunty rngd[516]: stats: FIPS 140-2(2001-10-10) Monobit: 0
Sep 17 13:53:05 kunterbunty rngd[516]: stats: FIPS 140-2(2001-10-10) Poker: 0
Sep 17 13:53:05 kunterbunty rngd[516]: stats: FIPS 140-2(2001-10-10) Runs: 0
Sep 17 13:53:05 kunterbunty rngd[516]: stats: FIPS 140-2(2001-10-10) Long run: 0
Sep 17 13:53:05 kunterbunty rngd[516]: stats: FIPS 140-2(2001-10-10) Continuous run: 0
Sep 17 13:53:05 kunterbunty rngd[516]: stats: HRNG source speed: (min=142.954; avg=157.388; max=158.815)bits/s
Sep 17 13:53:05 kunterbunty rngd[516]: stats: FIPS tests speed: (min=24.611; avg=27.573; max=52.544)Mibits/s
Sep 17 13:53:05 kunterbunty rngd[516]: stats: Lowest ready-buffers level: 2
Sep 17 13:53:05 kunterbunty rngd[516]: stats: Entropy starvations: 0
Sep 17 13:53:05 kunterbunty rngd[516]: stats: Time spent starving for entropy: (min=0; avg=0.000; max=0)us
Sep 17 14:09:51 kunterbunty systemd[1]: Starting Clean php session files...
Sep 17 14:09:52 kunterbunty systemd[1]: phpsessionclean.service: Succeeded.
Sep 17 14:09:52 kunterbunty systemd[1]: Finished Clean php session files.
Sep 17 14:39:51 kunterbunty systemd[1]: Starting Clean php session files...
Sep 17 14:39:52 kunterbunty systemd[1]: phpsessionclean.service: Succeeded.
Sep 17 14:39:52 kunterbunty systemd[1]: Finished Clean php session files.
Sep 17 14:53:05 kunterbunty rngd[516]: stats: bits received from HRNG source: 3440064
Sep 17 14:53:05 kunterbunty rngd[516]: stats: bits sent to kernel pool: 3386656
Sep 17 14:53:05 kunterbunty rngd[516]: stats: entropy added to kernel pool: 3386656
Sep 17 14:53:05 kunterbunty rngd[516]: stats: FIPS 140-2 successes: 172
Sep 17 14:53:05 kunterbunty rngd[516]: stats: FIPS 140-2 failures: 0
Sep 17 14:53:05 kunterbunty rngd[516]: stats: FIPS 140-2(2001-10-10) Monobit: 0
Sep 17 14:53:05 kunterbunty rngd[516]: stats: FIPS 140-2(2001-10-10) Poker: 0
Sep 17 14:53:05 kunterbunty rngd[516]: stats: FIPS 140-2(2001-10-10) Runs: 0
Sep 17 14:53:05 kunterbunty rngd[516]: stats: FIPS 140-2(2001-10-10) Long run: 0
Sep 17 14:53:05 kunterbunty rngd[516]: stats: FIPS 140-2(2001-10-10) Continuous run: 0
Sep 17 14:53:05 kunterbunty rngd[516]: stats: HRNG source speed: (min=142.954; avg=157.389; max=158.815)bits/s
Sep 17 14:53:05 kunterbunty rngd[516]: stats: FIPS tests speed: (min=24.611; avg=27.546; max=52.544)Mibits/s
Sep 17 14:53:05 kunterbunty rngd[516]: stats: Lowest ready-buffers level: 2
Sep 17 14:53:05 kunterbunty rngd[516]: stats: Entropy starvations: 0
Sep 17 14:53:05 kunterbunty rngd[516]: stats: Time spent starving for entropy: (min=0; avg=0.000; max=0)us
Sep 17 15:09:51 kunterbunty systemd[1]: Starting Clean php session files...
Sep 17 15:09:52 kunterbunty systemd[1]: phpsessionclean.service: Succeeded.
Sep 17 15:09:52 kunterbunty systemd[1]: Finished Clean php session files.
Sep 17 15:39:51 kunterbunty systemd[1]: Starting Clean php session files...
Sep 17 15:39:52 kunterbunty systemd[1]: phpsessionclean.service: Succeeded.
Sep 17 15:39:52 kunterbunty systemd[1]: Finished Clean php session files.
Sep 17 15:53:05 kunterbunty rngd[516]: stats: bits received from HRNG source: 3460064
Sep 17 15:53:05 kunterbunty rngd[516]: stats: bits sent to kernel pool: 3416896
Sep 17 15:53:05 kunterbunty rngd[516]: stats: entropy added to kernel pool: 3416896
Sep 17 15:53:05 kunterbunty rngd[516]: stats: FIPS 140-2 successes: 173
Sep 17 15:53:05 kunterbunty rngd[516]: stats: FIPS 140-2 failures: 0
Sep 17 15:53:05 kunterbunty rngd[516]: stats: FIPS 140-2(2001-10-10) Monobit: 0
Sep 17 15:53:05 kunterbunty rngd[516]: stats: FIPS 140-2(2001-10-10) Poker: 0
Sep 17 15:53:05 kunterbunty rngd[516]: stats: FIPS 140-2(2001-10-10) Runs: 0
Sep 17 15:53:05 kunterbunty rngd[516]: stats: FIPS 140-2(2001-10-10) Long run: 0
Sep 17 15:53:05 kunterbunty rngd[516]: stats: FIPS 140-2(2001-10-10) Continuous run: 0
Sep 17 15:53:05 kunterbunty rngd[516]: stats: HRNG source speed: (min=142.954; avg=157.390; max=158.815)bits/s
Sep 17 15:53:05 kunterbunty rngd[516]: stats: FIPS tests speed: (min=24.611; avg=27.535; max=52.544)Mibits/s
Sep 17 15:53:05 kunterbunty rngd[516]: stats: Lowest ready-buffers level: 2
Sep 17 15:53:05 kunterbunty rngd[516]: stats: Entropy starvations: 0
Sep 17 15:53:05 kunterbunty rngd[516]: stats: Time spent starving for entropy: (min=0; avg=0.000; max=0)us
Sep 17 16:09:51 kunterbunty systemd[1]: Starting Clean php session files...
Sep 17 16:09:52 kunterbunty systemd[1]: phpsessionclean.service: Succeeded.
Sep 17 16:09:52 kunterbunty systemd[1]: Finished Clean php session files.
Sep 17 16:39:51 kunterbunty systemd[1]: Starting Clean php session files...
Sep 17 16:39:52 kunterbunty systemd[1]: phpsessionclean.service: Succeeded.
Sep 17 16:39:52 kunterbunty systemd[1]: Finished Clean php session files.
Sep 17 16:53:05 kunterbunty rngd[516]: stats: bits received from HRNG source: 3500064
Sep 17 16:53:05 kunterbunty rngd[516]: stats: bits sent to kernel pool: 3446656
Sep 17 16:53:05 kunterbunty rngd[516]: stats: entropy added to kernel pool: 3446656
Sep 17 16:53:05 kunterbunty rngd[516]: stats: FIPS 140-2 successes: 175
Sep 17 16:53:05 kunterbunty rngd[516]: stats: FIPS 140-2 failures: 0
Sep 17 16:53:05 kunterbunty rngd[516]: stats: FIPS 140-2(2001-10-10) Monobit: 0
Sep 17 16:53:05 kunterbunty rngd[516]: stats: FIPS 140-2(2001-10-10) Poker: 0
Sep 17 16:53:05 kunterbunty rngd[516]: stats: FIPS 140-2(2001-10-10) Runs: 0
Sep 17 16:53:05 kunterbunty rngd[516]: stats: FIPS 140-2(2001-10-10) Long run: 0
Sep 17 16:53:05 kunterbunty rngd[516]: stats: FIPS 140-2(2001-10-10) Continuous run: 0
Sep 17 16:53:05 kunterbunty rngd[516]: stats: HRNG source speed: (min=142.954; avg=157.391; max=158.815)bits/s
Sep 17 16:53:05 kunterbunty rngd[516]: stats: FIPS tests speed: (min=24.611; avg=27.511; max=52.544)Mibits/s
Sep 17 16:53:05 kunterbunty rngd[516]: stats: Lowest ready-buffers level: 2
Sep 17 16:53:05 kunterbunty rngd[516]: stats: Entropy starvations: 0
Sep 17 16:53:05 kunterbunty rngd[516]: stats: Time spent starving for entropy: (min=0; avg=0.000; max=0)us
Sep 17 17:09:51 kunterbunty systemd[1]: Starting Clean php session files...
Sep 17 17:09:52 kunterbunty systemd[1]: phpsessionclean.service: Succeeded.
Sep 17 17:09:52 kunterbunty systemd[1]: Finished Clean php session files.
Sep 17 17:35:00 kunterbunty systemd[1]: Started Session 1754 of user solarmanager.
Sep 17 17:36:33 kunterbunty systemd[1]: Started Session 1756 of user solarmanager.
Sep 17 17:36:33 kunterbunty systemd[1]: Started Session 1757 of user solarmanager.
